[acadgild@localhost ~]$ hive


Logging initialized using configuration in jar:file:/usr/local/hive/lib/hive-common-0.14.0.jar!/hive-log4j.properties
SLF4J: Class path contains multiple SLF4J bindings.
SLF4J: Found binding in [jar:file:/usr/local/hive/lib/hive-jdbc-0.14.0-standalone.jar!/org/slf4j/impl/StaticLoggerBinder.class]
SLF4J: Found binding in [jar:file:/usr/local/hadoop-2.6.0/share/hadoop/common/lib/slf4j-log4j12-1.7.5.jar!/org/slf4j/impl/StaticLoggerBinder.class]
SLF4J: See http://www.slf4j.org/codes.html#multiple_bindings for an explanation.
SLF4J: Actual binding is of type [org.slf4j.impl.Log4jLoggerFactory]
hive> 
    > 
    > show databases;
OK
b1
custom
default
test
Time taken: 23.39 seconds, Fetched: 4 row(s)
hive> use custom;
OK
Time taken: 1.236 seconds
hive> show tables;
OK
olympic
temp
temperature_data
temperature_data_vw
Time taken: 0.542 seconds, Fetched: 4 row(s)
hive> select year(date),max(temperature) from temperature_data group by year(date);
Query ID = acadgild_20170401230808_91c71981-b7b4-4bb2-8a52-55bb61b1ad51
Total jobs = 1
Launching Job 1 out of 1
Number of reduce tasks not specified. Estimated from input data size: 1
In order to change the average load for a reducer (in bytes):
  set hive.exec.reducers.bytes.per.reducer=<number>
In order to limit the maximum number of reducers:
  set hive.exec.reducers.max=<number>
In order to set a constant number of reducers:
  set mapreduce.job.reduces=<number>
Starting Job = job_1491017400247_0013, Tracking URL = http://localhost:8088/proxy/application_1491017400247_0013/
Kill Command = /home/acadgild/hadoop-2.6.0/bin/hadoop job  -kill job_1491017400247_0013
Hadoop job information for Stage-1: number of mappers: 1; number of reducers: 1
2017-04-01 23:11:30,708 Stage-1 map = 0%,  reduce = 0%
2017-04-01 23:12:30,968 Stage-1 map = 0%,  reduce = 0%
2017-04-01 23:13:31,572 Stage-1 map = 0%,  reduce = 0%
2017-04-01 23:14:31,755 Stage-1 map = 0%,  reduce = 0%, Cumulative CPU 6.54 sec
2017-04-01 23:14:55,606 Stage-1 map = 100%,  reduce = 0%, Cumulative CPU 13.92 sec
2017-04-01 23:15:56,016 Stage-1 map = 100%,  reduce = 0%, Cumulative CPU 13.92 sec
2017-04-01 23:16:37,929 Stage-1 map = 100%,  reduce = 38%, Cumulative CPU 16.78 sec
2017-04-01 23:16:42,812 Stage-1 map = 100%,  reduce = 67%, Cumulative CPU 18.71 sec
2017-04-01 23:16:55,425 Stage-1 map = 100%,  reduce = 100%, Cumulative CPU 24.29 sec
MapReduce Total cumulative CPU time: 24 seconds 290 msec
Ended Job = job_1491017400247_0013
MapReduce Jobs Launched: 
Stage-Stage-1: Map: 1  Reduce: 1   Cumulative CPU: 26.7 sec   HDFS Read: 690 HDFS Write: 40 SUCCESS
Total MapReduce CPU Time Spent: 26 seconds 700 msec
OK
1990	23.0
1991	22.0
1993	16.0
1994	23.0
Time taken: 499.925 seconds, Fetched: 4 row(s)