
hive> select year(date),max(temperature) from temperature_data group by year(date) having count(1) > 1 ;
Query ID = acadgild_20170401232222_71a24ce1-8cb1-4e35-890c-1006e0bebb5a
Total jobs = 1
Launching Job 1 out of 1
Number of reduce tasks not specified. Estimated from input data size: 1
In order to change the average load for a reducer (in bytes):
  set hive.exec.reducers.bytes.per.reducer=<number>
In order to limit the maximum number of reducers:
  set hive.exec.reducers.max=<number>
In order to set a constant number of reducers:
  set mapreduce.job.reduces=<number>
Starting Job = job_1491017400247_0015, Tracking URL = http://localhost:8088/proxy/application_1491017400247_0015/
Kill Command = /home/acadgild/hadoop-2.6.0/bin/hadoop job  -kill job_1491017400247_0015
Hadoop job information for Stage-1: number of mappers: 1; number of reducers: 1
2017-04-01 23:25:05,819 Stage-1 map = 0%,  reduce = 0%
2017-04-01 23:26:07,110 Stage-1 map = 0%,  reduce = 0%
2017-04-01 23:26:57,493 Stage-1 map = 100%,  reduce = 0%, Cumulative CPU 15.78 sec
2017-04-01 23:27:57,625 Stage-1 map = 100%,  reduce = 0%, Cumulative CPU 15.78 sec
2017-04-01 23:28:22,855 Stage-1 map = 100%,  reduce = 67%, Cumulative CPU 18.97 sec
2017-04-01 23:28:46,587 Stage-1 map = 100%,  reduce = 100%, Cumulative CPU 31.41 sec
MapReduce Total cumulative CPU time: 31 seconds 410 msec
Ended Job = job_1491017400247_0015
MapReduce Jobs Launched: 
Stage-Stage-1: Map: 1  Reduce: 1   Cumulative CPU: 33.32 sec   HDFS Read: 690 HDFS Write: 40 SUCCESS
Total MapReduce CPU Time Spent: 33 seconds 320 msec
OK
1990	23.0
1991	22.0
1993	16.0
1994	23.0
Time taken: 399.948 seconds, Fetched: 4 row(s)